

<br />
<b>Warning</b>:  include(../smtp_config/smtp2goconfig.php): Failed to open stream: No such file or directory in <b>C:\xampp\htdocs\system-new\authentication\resendotp.php</b> on line <b>9</b><br />
<br />
<b>Warning</b>:  include(): Failed opening '../smtp_config/smtp2goconfig.php' for inclusion (include_path='C:\xampp\php\PEAR') in <b>C:\xampp\htdocs\system-new\authentication\resendotp.php</b> on line <b>9</b><br />

<br />
<b>Warning</b>:  include(../smtp_config/smtp2goconfig.php): Failed to open stream: No such file or directory in <b>C:\xampp\htdocs\system-new\authentication\resendotp.php</b> on line <b>9</b><br />
<br />
<b>Warning</b>:  include(): Failed opening '../smtp_config/smtp2goconfig.php' for inclusion (include_path='C:\xampp\php\PEAR') in <b>C:\xampp\htdocs\system-new\authentication\resendotp.php</b> on line <b>9</b><br />
<br />
<b>Warning</b>:  Undefined variable $smtpHost in <b>C:\xampp\htdocs\system-new\authentication\resendotp.php</b> on line <b>51</b><br />
<br />
<b>Warning</b>:  Undefined variable $smtpUsername in <b>C:\xampp\htdocs\system-new\authentication\resendotp.php</b> on line <b>53</b><br />
<br />
<b>Warning</b>:  Undefined variable $smtpPassword in <b>C:\xampp\htdocs\system-new\authentication\resendotp.php</b> on line <b>54</b><br />
<br />
<b>Warning</b>:  Undefined variable $smtpPort in <b>C:\xampp\htdocs\system-new\authentication\resendotp.php</b> on line <b>56</b><br />
<br />
<b>Warning</b>:  Undefined variable $fromEmail in <b>C:\xampp\htdocs\system-new\authentication\resendotp.php</b> on line <b>57</b><br />
<br />
<b>Warning</b>:  Undefined variable $fromName in <b>C:\xampp\htdocs\system-new\authentication\resendotp.php</b> on line <b>57</b><br />

<br />
<b>Warning</b>:  include(../smtp_config/smtp2goconfig.php): Failed to open stream: No such file or directory in <b>C:\xampp\htdocs\system-new\authentication\resendotp.php</b> on line <b>9</b><br />
<br />
<b>Warning</b>:  include(): Failed opening '../smtp_config/smtp2goconfig.php' for inclusion (include_path='C:\xampp\php\PEAR') in <b>C:\xampp\htdocs\system-new\authentication\resendotp.php</b> on line <b>9</b><br />




